[11:52:51] [main/INFO]: Loading for game Minecraft 1.15.2
[11:52:53] [main/INFO]: [FabricLoader] Loading 34 mods: fabric-renderer-api-v1@0.2.10+f08b61330c, minecraft@1.15.2, fabric-networking-blockentity-v0@0.2.3+e08a73050c, fabric-keybindings-v0@0.1.1+dfdb52d60c, fabricloader@0.7.10+build.191, fabric-renderer-indigo@0.2.23+9290e2ed0c, fabric-containers-v0@0.1.3+b7f9825d0c, fabric-dimensions-v1@0.3.0+2ad156310c, fabric-biomes-v1@0.1.5+3b05f68e0c, fabric-crash-report-info-v1@0.1.2+b7f9825d0c, fabric-events-interaction-v0@0.3.0+fac69e320c, fabric-api-base@0.1.2+b7f9825d0c, fabric-rendering-v0@1.1.0+534104900c, fabric-rendering-v1@0.1.0+534104900c, fabric-rendering-data-attachment-v1@0.1.3+b7f9825d0c, fabric-resource-loader-v0@0.1.10+06c939b30c, discordconnect@0.0.1-SNAPSHOT, fabric-textures-v0@1.0.4+821cdba70c, fabric-content-registries-v0@0.1.3+b7f9825d0c, fabric-tag-extensions-v0@0.1.3+abd915800c, fabric-rendering-fluids-v1@0.1.6+12515ed90c, fabric-registry-sync-v0@0.2.6+f3d8141b0c, fabric-commands-v0@0.1.2+b7f9825d0c, fabric-blockrenderlayer-v1@1.1.4+c6a8ea890c, fabric-mining-levels-v0@0.1.1+b7f9825d0c, fabric-renderer-registries-v1@2.0.1+5a0f9a600c, fabric-loot-tables-v1@0.1.5+e08a73050c, fabric-events-lifecycle-v0@0.1.2+b7f9825d0c, fabric@0.5.1+build.294-1.15, fabric-particles-v1@0.1.1+dfdb52d60c, fabric-models-v0@0.1.0+dfdb52d60c, fabric-item-groups-v0@0.1.6+ec40b2e10c, fabric-object-builders-v0@0.1.3+e4c9a9c30c, fabric-networking-v0@0.1.7+12515ed90c
[11:52:53] [main/INFO]: SpongePowered MIXIN Subsystem Version=0.8 Source=file:/C:/Users/Admin/.gradle/caches/modules-2/files-2.1/net.fabricmc/sponge-mixin/0.8+build.18/af077ad2845a00cde186fa2c99c4dd32bd2a2766/sponge-mixin-0.8+build.18.jar Service=Knot/Fabric Env=SERVER
[11:52:54] [main/INFO]: Loaded Fabric development mappings for mixin remapper!
[11:52:55] [main/INFO]: Remapping refMap fabric-networking-v0-refmap.json using remapper chain
[11:52:55] [main/INFO]: Remapping refMap fabric-networking-blockentity-v0-refmap.json using remapper chain
[11:52:55] [main/INFO]: Remapping refMap fabric-biomes-v1-refmap.json using remapper chain
[11:52:55] [main/INFO]: Remapping refMap fabric-resource-loader-v0-refmap.json using remapper chain
[11:52:55] [main/INFO]: Remapping refMap fabric-mining-levels-v0-refmap.json using remapper chain
[11:52:55] [main/INFO]: Remapping refMap fabric-particles-v1-refmap.json using remapper chain
[11:52:55] [main/INFO]: Remapping refMap fabric-containers-v0-refmap.json using remapper chain
[11:52:55] [main/INFO]: Remapping refMap fabric-object-builders-refmap.json using remapper chain
[11:52:55] [main/INFO]: Remapping refMap fabric-tag-extensions-v0-refmap.json using remapper chain
[11:52:55] [main/INFO]: Remapping refMap fabric-rendering-data-attachment-v1-refmap.json using remapper chain
[11:52:55] [main/INFO]: Remapping refMap fabric-item-groups-v0-refmap.json using remapper chain
[11:52:55] [main/INFO]: Remapping refMap fabric-events-interaction-v0-refmap.json using remapper chain
[11:52:55] [main/INFO]: Remapping refMap fabric-loot-tables-v1-refmap.json using remapper chain
[11:52:55] [main/INFO]: Remapping refMap fabric-content-registries-v0-refmap.json using remapper chain
[11:52:55] [main/INFO]: Remapping refMap fabric-dimensions-v1-refmap.json using remapper chain
[11:52:55] [main/INFO]: Remapping refMap fabric-registry-sync-v0-refmap.json using remapper chain
[11:52:55] [main/INFO]: Remapping refMap fabric-crash-report-info-v1-refmap.json using remapper chain
[11:52:55] [main/INFO]: Remapping refMap fabric-containers-v0-refmap.json using remapper chain
[11:52:55] [main/INFO]: Remapping refMap fabric-events-lifecycle-v0-refmap.json using remapper chain
[11:52:55] [main/INFO]: Remapping refMap fabric-commands-v0-refmap.json using remapper chain
